<?xml version="1.0" encoding="UTF-8"?>
<testsuites name="Mocha Tests" time="125.901" tests="1" failures="0">
  <testsuite name="Root Suite" timestamp="2023-05-25T14:43:55" tests="0" file="cypress\e2e\SearchFunctionality.feature" time="0.000" failures="0">
  </testsuite>
  <testsuite name="Search Page" timestamp="2023-05-25T14:43:55" tests="1" time="125.769" failures="0">
    <testcase name="Search Page check Seaerch functionality" time="118.477" classname="check Seaerch functionality">
    </testcase>
  </testsuite>
</testsuites>