<?xml version="1.0" encoding="UTF-8"?>
<testsuites name="Mocha Tests" time="118.172" tests="1" failures="0">
  <testsuite name="Root Suite" timestamp="2023-05-25T15:43:20" tests="0" file="cypress\e2e\SearchFunctionality.feature" time="0.000" failures="0">
  </testsuite>
  <testsuite name="Search Page" timestamp="2023-05-25T15:43:20" tests="1" time="117.948" failures="0">
    <testcase name="Search Page check Seaerch functionality" time="109.296" classname="check Seaerch functionality">
    </testcase>
  </testsuite>
</testsuites>